[37mStarted GET   /api/users for ::1at Fri Sep 15 2017 09:03:40 GMT+0800 (CST)[39m
[37m  [35mquery[37m:{}[39m
[37mCompleted in 1019ms  404

[39m
[37mStarted GET   /api/users for ::1at Fri Sep 15 2017 09:04:23 GMT+0800 (CST)[39m
[37m  [35mquery[37m:{}[39m
[37mCompleted in 1015ms  404

[39m
[37mStarted GET   /api/users for ::1at Fri Sep 15 2017 09:05:39 GMT+0800 (CST)[39m
[37m  [35mquery[37m:{}[39m
[37mCompleted in 1008ms  404

[39m
[37mStarted GET   /api/users for ::1at Fri Sep 15 2017 09:13:33 GMT+0800 (CST)[39m
[37m  [35mquery[37m:{}[39m
[37mCompleted in 1016ms  404

[39m
[37mStarted GET   /api/users for ::1at Fri Sep 15 2017 09:13:54 GMT+0800 (CST)[39m
[37m  [35mquery[37m:{}[39m
[37mCompleted in 13ms  404

[39m
[37mStarted GET   /api/users for ::1at Fri Sep 15 2017 09:13:56 GMT+0800 (CST)[39m
[37m  [35mquery[37m:{}[39m
[37mCompleted in 2ms  404

[39m
[37mStarted GET   /api/users for ::1at Fri Sep 15 2017 09:14:56 GMT+0800 (CST)[39m
[37m  [35mquery[37m:{}[39m
[37mCompleted in 13ms  201

[39m
[37mStarted GET   /api/users for ::1at Fri Sep 15 2017 09:15:01 GMT+0800 (CST)[39m
[37m  [35mquery[37m:{}[39m
[37mCompleted in 3ms  201

[39m
[37mStarted GET   /api/users for ::1at Fri Sep 15 2017 09:15:02 GMT+0800 (CST)[39m
[37m  [35mquery[37m:{}[39m
[37mCompleted in 1ms  201

[39m
[37mStarted GET   /api/users for ::1at Fri Sep 15 2017 09:15:10 GMT+0800 (CST)[39m
[37m  [35mquery[37m:{}[39m
[37mCompleted in 1016ms  201

[39m
[37mStarted GET   /api/users for ::1at Fri Sep 15 2017 09:16:37 GMT+0800 (CST)[39m
[37m  [35mquery[37m:{}[39m
[37mCompleted in 1019ms  404

[39m
[37mStarted GET   /api/users for ::1at Fri Sep 15 2017 09:17:32 GMT+0800 (CST)[39m
[37m  [35mquery[37m:{}[39m
[37mCompleted in 1021ms  404

[39m
[37mStarted GET   /api/users for ::1at Fri Sep 15 2017 09:24:10 GMT+0800 (CST)[39m
[37m  [35mquery[37m:{}[39m
[37mCompleted in 13ms  404

[39m
[37mStarted GET   /api/users for ::1at Fri Sep 15 2017 09:24:12 GMT+0800 (CST)[39m
[37m  [35mquery[37m:{}[39m
[37mCompleted in 2ms  404

[39m
[37mStarted GET   /api/users for ::1at Fri Sep 15 2017 09:24:14 GMT+0800 (CST)[39m
[37m  [35mquery[37m:{}[39m
[37mCompleted in 1ms  404

[39m
[37mStarted GET   /api/users for ::1at Fri Sep 15 2017 09:24:36 GMT+0800 (CST)[39m
[37m  [35mquery[37m:{}[39m
[37mCompleted in 0ms  404

[39m
[37mStarted GET   /api/users for ::1at Fri Sep 15 2017 09:26:17 GMT+0800 (CST)[39m
[37m  [35mquery[37m:{}[39m
[37mCompleted in 1021ms  404

[39m
[37mStarted GET   /api/users/123?name=123 for ::1at Fri Sep 15 2017 09:26:34 GMT+0800 (CST)[39m
[37m  [35mquery[37m:{"name":"123"}[39m
[37mCompleted in 3ms  200

[39m
[37mStarted POST   /api/users for ::1at Fri Sep 15 2017 09:26:57 GMT+0800 (CST)[39m
[37m  [35mquery[37m:{}[39m
[37mCompleted in 80ms  200

[39m
[37mStarted PUT   /api/users/ for ::1at Fri Sep 15 2017 09:27:56 GMT+0800 (CST)[39m
[37m  [35mquery[37m:{}[39m
[37mCompleted in 2ms  405

[39m
[37mStarted PUT   /api/users/123 for ::1at Fri Sep 15 2017 09:28:05 GMT+0800 (CST)[39m
[37m  [35mquery[37m:{}[39m
[37mCompleted in 2ms  400

[39m
[37mStarted PUT   /api/users/123 for ::1at Fri Sep 15 2017 09:28:21 GMT+0800 (CST)[39m
[37m  [35mquery[37m:{}[39m
[37mCompleted in 2ms  400

[39m
[37mStarted PUT   /api/users/123 for ::1at Fri Sep 15 2017 09:28:24 GMT+0800 (CST)[39m
[37m  [35mquery[37m:{}[39m
[37mCompleted in 1ms  400

[39m
[37mStarted PUT   /api/users/123 for ::1at Fri Sep 15 2017 09:28:53 GMT+0800 (CST)[39m
[37m  [35mquery[37m:{}[39m
[37mCompleted in 1ms  400

[39m
[37mStarted PUT   /api/users/123 for ::1at Fri Sep 15 2017 09:29:16 GMT+0800 (CST)[39m
[37m  [35mquery[37m:{}[39m
[37mCompleted in 1ms  400

[39m
[37mStarted PUT   /api/users/123 for ::1at Fri Sep 15 2017 09:29:34 GMT+0800 (CST)[39m
[37m  [35mquery[37m:{}[39m
[37mCompleted in 4ms  400

[39m
[37mStarted PUT   /api/users/123 for ::1at Fri Sep 15 2017 09:30:09 GMT+0800 (CST)[39m
[37m  [35mquery[37m:{}[39m
[37mCompleted in 2ms  400

[39m
[37mStarted PUT   /api/users/123 for ::1at Fri Sep 15 2017 09:30:30 GMT+0800 (CST)[39m
[37m  [35mquery[37m:{}[39m
[37mCompleted in 2ms  400

[39m
[37mStarted PUT   /api/users/123 for ::1at Fri Sep 15 2017 09:30:47 GMT+0800 (CST)[39m
[37m  [35mquery[37m:{}[39m
[37mCompleted in 2ms  200

[39m
[37mStarted DELETE   /api/users/123 for ::1at Fri Sep 15 2017 09:31:14 GMT+0800 (CST)[39m
[37m  [35mquery[37m:{}[39m
[37mCompleted in 2008ms  200

[39m
[37mStarted GET   /api/users/123?name=123 for ::1at Fri Sep 15 2017 09:42:10 GMT+0800 (CST)[39m
[37m  [35mquery[37m:{"name":"123"}[39m
[37mCompleted in 1ms  200

[39m
[37mStarted GET   /api/users for ::1at Fri Sep 15 2017 09:42:14 GMT+0800 (CST)[39m
[37m  [35mquery[37m:{}[39m
[37mCompleted in 1003ms  404

[39m
[37mStarted GET   /api/users for ::1at Fri Sep 15 2017 09:44:02 GMT+0800 (CST)[39m
[37m  [35mquery[37m:{}[39m
[37mCompleted in 1017ms  404

[39m
[37mStarted GET   /api/users for ::1at Fri Sep 15 2017 09:46:31 GMT+0800 (CST)[39m
[37m  [35mquery[37m:{}[39m
[37mCompleted in 1020ms  404

[39m
[37mStarted GET   /api/users for ::1at Fri Sep 15 2017 10:05:20 GMT+0800 (CST)[39m
[37m  [35mquery[37m:{}[39m
[37mCompleted in 1018ms  404

[39m
[37mStarted GET   /api/users for ::1at Fri Sep 15 2017 10:07:54 GMT+0800 (CST)[39m
[37m  [35mquery[37m:{}[39m
[37mCompleted in 1018ms  404

[39m
[37mStarted GET   /api/users/123 for ::1at Fri Sep 15 2017 10:23:22 GMT+0800 (CST)[39m
[37m  [35mquery[37m:{}[39m
[37mCompleted in 16ms  400

[39m
[37mStarted GET   /api/users/123?name=123 for ::1at Fri Sep 15 2017 10:23:28 GMT+0800 (CST)[39m
[37m  [35mquery[37m:{"name":"123"}[39m
[37mCompleted in 5ms  200

[39m
[37mStarted GET   /api/users/123?name=123 for ::1at Fri Sep 15 2017 10:23:48 GMT+0800 (CST)[39m
[37m  [35mquery[37m:{"name":"123"}[39m
[37mCompleted in 14ms  200

[39m
[37mStarted GET   /api/users/123?name=123 for ::1at Fri Sep 15 2017 10:26:50 GMT+0800 (CST)[39m
[37m  [35mquery[37m:{"name":"123"}[39m
[37mCompleted in 15ms  500

[39m
[37mStarted GET   /api/users/123?name=123 for ::1at Fri Sep 15 2017 10:27:37 GMT+0800 (CST)[39m
[37m  [35mquery[37m:{"name":"123"}[39m
[37mCompleted in 15ms  200

[39m
[37mStarted GET   /api/users/123?name=123 for ::1at Fri Sep 15 2017 10:31:40 GMT+0800 (CST)[39m
[37m  [35mquery[37m:{"name":"123"}[39m
[37mCompleted in 16ms  200

[39m
[37mStarted GET   /api/users/123?name=123 for ::1at Fri Sep 15 2017 10:33:15 GMT+0800 (CST)[39m
[37m  [35mquery[37m:{"name":"123"}[39m
[37mCompleted in 11ms  404

[39m
[37mStarted GET   /api/users/123?name=123 for ::1at Fri Sep 15 2017 10:33:18 GMT+0800 (CST)[39m
[37m  [35mquery[37m:{"name":"123"}[39m
[37mCompleted in 1ms  404

[39m
[37mStarted GET   /api/users/123?name=123 for ::1at Fri Sep 15 2017 10:48:49 GMT+0800 (CST)[39m
[37m  [35mquery[37m:{"name":"123"}[39m
[37mCompleted in 10ms  404

[39m
[37mStarted GET   /api/users/123?name=123 for ::1at Fri Sep 15 2017 11:04:11 GMT+0800 (CST)[39m
[37m  [35mquery[37m:{"name":"123"}[39m
[37mCompleted in 16ms  200

[39m
[37mStarted GET   /api/users/123?name=123 for ::1at Fri Sep 15 2017 14:21:37 GMT+0800 (CST)[39m
[37m  [35mquery[37m:{"name":"123"}[39m
[37mCompleted in 7ms  200

[39m
[37mStarted GET   /api/users/123?name=123 for ::1at Fri Sep 15 2017 14:22:00 GMT+0800 (CST)[39m
[37m  [35mquery[37m:{"name":"123"}[39m
[37mCompleted in 16ms  500

[39m
[37mStarted GET   /api/users/123?name=123 for ::1at Fri Sep 15 2017 14:22:13 GMT+0800 (CST)[39m
[37m  [35mquery[37m:{"name":"123"}[39m
[37mCompleted in 3ms  500

[39m
[37mStarted GET   /api/users/123?name=123 for ::1at Fri Sep 15 2017 14:31:29 GMT+0800 (CST)[39m
[37m  [35mquery[37m:{"name":"123"}[39m
[37mCompleted in 14ms  500

[39m
[37mStarted GET   /api/users/123?name=123 for ::1at Fri Sep 15 2017 14:34:45 GMT+0800 (CST)[39m
[37m  [35mquery[37m:{"name":"123"}[39m
[37mCompleted in 15ms  500

[39m
[37mStarted GET   /api/users/123?name=123 for ::1at Fri Sep 15 2017 14:38:45 GMT+0800 (CST)[39m
[37m  [35mquery[37m:{"name":"123"}[39m
[37mCompleted in 3ms  500

[39m
[37mStarted GET   /api/users/123?name=123 for ::1at Fri Sep 15 2017 14:40:56 GMT+0800 (CST)[39m
[37m  [35mquery[37m:{"name":"123"}[39m
[37mCompleted in 1ms  500

[39m
[37mStarted GET   /api/users/123?name=123 for ::1at Fri Sep 15 2017 14:42:28 GMT+0800 (CST)[39m
[37m  [35mquery[37m:{"name":"123"}[39m
[37mCompleted in 16ms  500

[39m
[37mStarted GET   /api/users/123?name=123 for ::1at Fri Sep 15 2017 14:42:48 GMT+0800 (CST)[39m
[37m  [35mquery[37m:{"name":"123"}[39m
[37mCompleted in 21ms  200

[39m
[37mStarted GET   /api/users/123?name=123 for ::1at Fri Sep 15 2017 14:42:52 GMT+0800 (CST)[39m
[37m  [35mquery[37m:{"name":"123"}[39m
[37mCompleted in 2ms  200

[39m
[37mStarted GET   /api/users/123?name=123 for ::1at Fri Sep 15 2017 14:43:09 GMT+0800 (CST)[39m
[37m  [35mquery[37m:{"name":"123"}[39m
[37mCompleted in 1ms  200

[39m
[37mStarted GET   /api/users/123?name=123 for ::1at Fri Sep 15 2017 14:43:42 GMT+0800 (CST)[39m
[37m  [35mquery[37m:{"name":"123"}[39m
[37mCompleted in 18ms  200

[39m
[37mStarted GET   /api/users/123?name=123 for ::1at Fri Sep 15 2017 14:43:51 GMT+0800 (CST)[39m
[37m  [35mquery[37m:{"name":"123"}[39m
[37mCompleted in 13ms  500

[39m
[37mStarted GET   /api/users/123?name=123 for ::1at Fri Sep 15 2017 14:44:43 GMT+0800 (CST)[39m
[37m  [35mquery[37m:{"name":"123"}[39m
[37mCompleted in 13ms  500

[39m
[37mStarted GET   /api/users/123?name=123 for ::1at Fri Sep 15 2017 14:45:09 GMT+0800 (CST)[39m
[37m  [35mquery[37m:{"name":"123"}[39m
[37mCompleted in 18ms  200

[39m
[37mStarted GET   /api/users/123?name=123 for ::1at Fri Sep 15 2017 14:45:14 GMT+0800 (CST)[39m
[37m  [35mquery[37m:{"name":"123"}[39m
[37mCompleted in 4ms  200

[39m
